Using pre-set license
Built from '2020.3/staging' branch; Version is '2020.3.3f1 (76626098c1c4) revision 7758432'; Using compiler version '192528614'; Build Type 'Release'
OS: 'Windows 10 Home; OS build 19043.1288; Version 2009; 64bit' Language: 'ru' Physical Memory: 16318 MB
BatchMode: 1, IsHumanControllingUs: 0, StartBugReporterOnCrash: 0, Is64bit: 1, IsPro: 0

 COMMAND LINE ARGUMENTS:
C:\Program Files\Unity\Hub\Editor\2020.3.3f1\Editor\Unity.exe
-adb2
-batchMode
-noUpm
-name
AssetImportWorker0
-projectPath
C:/Projects/PhotoRender/PhotoRenderer
-logFile
Logs/AssetImportWorker0.log
-srvPort
63346
Successfully changed project path to: C:/Projects/PhotoRender/PhotoRenderer
C:/Projects/PhotoRender/PhotoRenderer
Using Asset Import Pipeline V2.
Refreshing native plugins compatible for Editor in 31.35 ms, found 0 plugins.
Preloading 0 native plugins for Editor in 0.00 ms.
Initialize engine version: 2020.3.3f1 (76626098c1c4)
[Subsystems] Discovering subsystems at path C:/Program Files/Unity/Hub/Editor/2020.3.3f1/Editor/Data/Resources/UnitySubsystems
[Subsystems] Discovering subsystems at path C:/Projects/PhotoRender/PhotoRenderer/Assets
GfxDevice: creating device client; threaded=0
Direct3D:
    Version:  Direct3D 11.0 [level 11.1]
    Renderer: NVIDIA GeForce GTX 1060 3GB (ID=0x1c02)
    Vendor:   
    VRAM:     2988 MB
    Driver:   27.21.14.5671
Initialize mono
Mono path[0] = 'C:/Program Files/Unity/Hub/Editor/2020.3.3f1/Editor/Data/Managed'
Mono path[1] = 'C:/Program Files/Unity/Hub/Editor/2020.3.3f1/Editor/Data/MonoBleedingEdge/lib/mono/unityjit'
Mono config path = 'C:/Program Files/Unity/Hub/Editor/2020.3.3f1/Editor/Data/MonoBleedingEdge/etc'
Using monoOptions --debugger-agent=transport=dt_socket,embedding=1,server=y,suspend=n,address=127.0.0.1:56288
Begin MonoManager ReloadAssembly
Registering precompiled unity dll's ...
Register platform support module: C:/Program Files/Unity/Hub/Editor/2020.3.3f1/Editor/Data/PlaybackEngines/WindowsStandaloneSupport/UnityEditor.WindowsStandalone.Extensions.dll
Registered in 0.002273 seconds.
Native extension for WindowsStandalone target not found
Refreshing native plugins compatible for Editor in 34.04 ms, found 0 plugins.
Preloading 0 native plugins for Editor in 0.00 ms.
Invoked RoslynAnalysisRunner static constructor.
RoslynAnalysisRunner will not be running.
RoslynAnalysisRunner has terminated.
Mono: successfully reloaded assembly
- Completed reload, in  1.263 seconds
Platform modules already initialized, skipping
Registering precompiled user dll's ...
Registered in 0.001012 seconds.
Begin MonoManager ReloadAssembly
Native extension for WindowsStandalone target not found
Refreshing native plugins compatible for Editor in 0.25 ms, found 0 plugins.
Preloading 0 native plugins for Editor in 0.00 ms.
Invoked RoslynAnalysisRunner static constructor.
RoslynAnalysisRunner will not be running.
RoslynAnalysisRunner has terminated.
Mono: successfully reloaded assembly
- Completed reload, in  0.975 seconds
Platform modules already initialized, skipping
========================================================================
Worker process is ready to serve import requests
Launched and connected shader compiler UnityShaderCompiler.exe after 0.05 seconds
Refreshing native plugins compatible for Editor in 0.27 ms, found 0 plugins.
Preloading 0 native plugins for Editor in 0.00 ms.
Unloading 1237 Unused Serialized files (Serialized files now loaded: 0)
System memory in use before: 65.5 MB.
System memory in use after: 65.5 MB.

Unloading 10 unused Assets to reduce memory usage. Loaded Objects now: 1679.
Total: 2.456200 ms (FindLiveObjects: 0.267600 ms CreateObjectMapping: 0.070300 ms MarkObjects: 1.993000 ms  DeleteObjects: 0.124200 ms)

========================================================================
Received Import Request.
  path: Assets/Scripts/PhotoRenderer.cs
  artifactKey: Guid(fecc013b39a52ea42b3ac7d2fa95479a) Importer(815301076,1909f56bfc062723c751e8b465ee728b)
Start importing Assets/Scripts/PhotoRenderer.cs using Guid(fecc013b39a52ea42b3ac7d2fa95479a) Importer(815301076,1909f56bfc062723c751e8b465ee728b)  -> (artifact id: 'd2d5090c35ee2cca515571e7344263ec') in 0.030147 seconds
  Import took 0.032255 seconds .

========================================================================
Received Prepare
Registering precompiled user dll's ...
Registered in 0.000949 seconds.
Begin MonoManager ReloadAssembly
Native extension for WindowsStandalone target not found
Refreshing native plugins compatible for Editor in 0.29 ms, found 0 plugins.
Preloading 0 native plugins for Editor in 0.00 ms.
Invoked RoslynAnalysisRunner static constructor.
RoslynAnalysisRunner will not be running.
RoslynAnalysisRunner has terminated.
Mono: successfully reloaded assembly
- Completed reload, in  1.130 seconds
Platform modules already initialized, skipping
Refreshing native plugins compatible for Editor in 0.26 ms, found 0 plugins.
Preloading 0 native plugins for Editor in 0.00 ms.
Unloading 1205 Unused Serialized files (Serialized files now loaded: 0)
System memory in use before: 62.8 MB.
System memory in use after: 62.9 MB.

Unloading 5 unused Assets to reduce memory usage. Loaded Objects now: 1682.
Total: 3.565300 ms (FindLiveObjects: 0.907100 ms CreateObjectMapping: 0.353200 ms MarkObjects: 2.246900 ms  DeleteObjects: 0.056100 ms)

========================================================================
Received Import Request.
  Time since last request: 27.237248 seconds.
  path: Assets/ScreenShots/Test1.png
  artifactKey: Guid(4c909022260bae74b9216d97a7ac451f) Importer(815301076,1909f56bfc062723c751e8b465ee728b)
Start importing Assets/ScreenShots/Test1.png using Guid(4c909022260bae74b9216d97a7ac451f) Importer(815301076,1909f56bfc062723c751e8b465ee728b)  -> (artifact id: '30bc9cd524c723fa3ab1f71d245d49ea') in 0.072426 seconds
  Import took 0.075350 seconds .

========================================================================
Received Import Request.
  Time since last request: 25.875907 seconds.
  path: Assets/ScreenShots/Test2.png
  artifactKey: Guid(dd17ee95150cab9479ab7e17ee73653e) Importer(815301076,1909f56bfc062723c751e8b465ee728b)
Start importing Assets/ScreenShots/Test2.png using Guid(dd17ee95150cab9479ab7e17ee73653e) Importer(815301076,1909f56bfc062723c751e8b465ee728b)  -> (artifact id: '155e470ba95f91e1031635140e1a81bd') in 0.033859 seconds
  Import took 0.038811 seconds .

========================================================================
Received Prepare
Registering precompiled user dll's ...
Registered in 0.001481 seconds.
Begin MonoManager ReloadAssembly
Native extension for WindowsStandalone target not found
Refreshing native plugins compatible for Editor in 0.35 ms, found 0 plugins.
Preloading 0 native plugins for Editor in 0.00 ms.
Invoked RoslynAnalysisRunner static constructor.
RoslynAnalysisRunner will not be running.
RoslynAnalysisRunner has terminated.
Mono: successfully reloaded assembly
- Completed reload, in  1.376 seconds
Platform modules already initialized, skipping
Refreshing native plugins compatible for Editor in 0.26 ms, found 0 plugins.
Preloading 0 native plugins for Editor in 0.00 ms.
Unloading 1205 Unused Serialized files (Serialized files now loaded: 0)
System memory in use before: 62.9 MB.
System memory in use after: 62.9 MB.

Unloading 5 unused Assets to reduce memory usage. Loaded Objects now: 1687.
Total: 2.125800 ms (FindLiveObjects: 0.144100 ms CreateObjectMapping: 0.042800 ms MarkObjects: 1.885600 ms  DeleteObjects: 0.052000 ms)

========================================================================
Received Import Request.
  Time since last request: 552.078003 seconds.
  path: Assets/ScreenShots/Test3.png
  artifactKey: Guid(e591c473ba5450b46a8048921717914f) Importer(815301076,1909f56bfc062723c751e8b465ee728b)
Start importing Assets/ScreenShots/Test3.png using Guid(e591c473ba5450b46a8048921717914f) Importer(815301076,1909f56bfc062723c751e8b465ee728b)  -> (artifact id: '5aa99e92b98f33e2d19d9a8852976d07') in 0.060896 seconds
  Import took 0.063268 seconds .

========================================================================
Received Import Request.
  Time since last request: 0.000339 seconds.
  path: Assets/ScreenShots/Test2.png
  artifactKey: Guid(dd17ee95150cab9479ab7e17ee73653e) Importer(815301076,1909f56bfc062723c751e8b465ee728b)
Start importing Assets/ScreenShots/Test2.png using Guid(dd17ee95150cab9479ab7e17ee73653e) Importer(815301076,1909f56bfc062723c751e8b465ee728b)  -> (artifact id: 'f97bb1075b6f22bf400ad569759beeca') in 0.013029 seconds
  Import took 0.017630 seconds .

========================================================================
Received Import Request.
  Time since last request: 0.007549 seconds.
  path: Assets/ScreenShots/Test2.png
  artifactKey: Guid(dd17ee95150cab9479ab7e17ee73653e) Importer(815301076,1909f56bfc062723c751e8b465ee728b)
Start importing Assets/ScreenShots/Test2.png using Guid(dd17ee95150cab9479ab7e17ee73653e) Importer(815301076,1909f56bfc062723c751e8b465ee728b)  -> (artifact id: 'f97bb1075b6f22bf400ad569759beeca') in 0.008485 seconds
  Import took 0.011071 seconds .

========================================================================
Received Prepare
Registering precompiled user dll's ...
Registered in 0.000870 seconds.
Begin MonoManager ReloadAssembly
Native extension for WindowsStandalone target not found
Refreshing native plugins compatible for Editor in 0.30 ms, found 0 plugins.
Preloading 0 native plugins for Editor in 0.00 ms.
Invoked RoslynAnalysisRunner static constructor.
RoslynAnalysisRunner will not be running.
RoslynAnalysisRunner has terminated.
Mono: successfully reloaded assembly
- Completed reload, in  1.278 seconds
Platform modules already initialized, skipping
Refreshing native plugins compatible for Editor in 0.32 ms, found 0 plugins.
Preloading 0 native plugins for Editor in 0.00 ms.
Unloading 1205 Unused Serialized files (Serialized files now loaded: 0)
System memory in use before: 62.9 MB.
System memory in use after: 62.9 MB.

Unloading 5 unused Assets to reduce memory usage. Loaded Objects now: 1690.
Total: 2.505000 ms (FindLiveObjects: 0.232200 ms CreateObjectMapping: 0.060300 ms MarkObjects: 2.099900 ms  DeleteObjects: 0.111000 ms)

========================================================================
Received Import Request.
  Time since last request: 20267.047189 seconds.
  path: Assets/ScreenShots/Test1.png
  artifactKey: Guid(4c909022260bae74b9216d97a7ac451f) Importer(815301076,1909f56bfc062723c751e8b465ee728b)
Start importing Assets/ScreenShots/Test1.png using Guid(4c909022260bae74b9216d97a7ac451f) Importer(815301076,1909f56bfc062723c751e8b465ee728b)  -> (artifact id: '968da98a6234d68ed001297a2c5d2bec') in 0.084645 seconds
  Import took 0.088115 seconds .

========================================================================
Received Import Request.
  Time since last request: 38.730001 seconds.
  path: Assets/ScreenShots/Test2.png
  artifactKey: Guid(dd17ee95150cab9479ab7e17ee73653e) Importer(815301076,1909f56bfc062723c751e8b465ee728b)
Start importing Assets/ScreenShots/Test2.png using Guid(dd17ee95150cab9479ab7e17ee73653e) Importer(815301076,1909f56bfc062723c751e8b465ee728b)  -> (artifact id: 'cffa898922468f6e87ab58c2ed405650') in 0.025945 seconds
  Import took 0.034372 seconds .

========================================================================
Received Import Request.
  Time since last request: 20.406796 seconds.
  path: Assets/ScreenShots/Test3.png
  artifactKey: Guid(e591c473ba5450b46a8048921717914f) Importer(815301076,1909f56bfc062723c751e8b465ee728b)
Start importing Assets/ScreenShots/Test3.png using Guid(e591c473ba5450b46a8048921717914f) Importer(815301076,1909f56bfc062723c751e8b465ee728b)  -> (artifact id: '00baea8a18275aa12867422188cf6bef') in 0.019761 seconds
  Import took 0.023099 seconds .

========================================================================
Received Prepare
Registering precompiled user dll's ...
Registered in 0.000828 seconds.
Begin MonoManager ReloadAssembly
Native extension for WindowsStandalone target not found
Refreshing native plugins compatible for Editor in 0.24 ms, found 0 plugins.
Preloading 0 native plugins for Editor in 0.00 ms.
Invoked RoslynAnalysisRunner static constructor.
RoslynAnalysisRunner will not be running.
RoslynAnalysisRunner has terminated.
Mono: successfully reloaded assembly
- Completed reload, in  0.919 seconds
Platform modules already initialized, skipping
Refreshing native plugins compatible for Editor in 0.26 ms, found 0 plugins.
Preloading 0 native plugins for Editor in 0.00 ms.
Unloading 1205 Unused Serialized files (Serialized files now loaded: 0)
System memory in use before: 62.9 MB.
System memory in use after: 63.0 MB.

Unloading 5 unused Assets to reduce memory usage. Loaded Objects now: 1693.
Total: 1.932300 ms (FindLiveObjects: 0.157700 ms CreateObjectMapping: 0.040700 ms MarkObjects: 1.637000 ms  DeleteObjects: 0.096000 ms)

========================================================================
Received Prepare
Registering precompiled user dll's ...
Registered in 0.001043 seconds.
Begin MonoManager ReloadAssembly
Native extension for WindowsStandalone target not found
Refreshing native plugins compatible for Editor in 0.58 ms, found 0 plugins.
Preloading 0 native plugins for Editor in 0.00 ms.
Invoked RoslynAnalysisRunner static constructor.
RoslynAnalysisRunner will not be running.
RoslynAnalysisRunner has terminated.
Mono: successfully reloaded assembly
- Completed reload, in  0.923 seconds
Platform modules already initialized, skipping
Refreshing native plugins compatible for Editor in 0.24 ms, found 0 plugins.
Preloading 0 native plugins for Editor in 0.00 ms.
Unloading 1205 Unused Serialized files (Serialized files now loaded: 0)
System memory in use before: 62.9 MB.
System memory in use after: 63.0 MB.

Unloading 5 unused Assets to reduce memory usage. Loaded Objects now: 1696.
Total: 2.066300 ms (FindLiveObjects: 0.180700 ms CreateObjectMapping: 0.049500 ms MarkObjects: 1.722500 ms  DeleteObjects: 0.112600 ms)

========================================================================
Received Prepare
Registering precompiled user dll's ...
Registered in 0.001574 seconds.
Begin MonoManager ReloadAssembly
Native extension for WindowsStandalone target not found
Refreshing native plugins compatible for Editor in 0.39 ms, found 0 plugins.
Preloading 0 native plugins for Editor in 0.00 ms.
Invoked RoslynAnalysisRunner static constructor.
RoslynAnalysisRunner will not be running.
RoslynAnalysisRunner has terminated.
Mono: successfully reloaded assembly
- Completed reload, in  0.976 seconds
Platform modules already initialized, skipping
Refreshing native plugins compatible for Editor in 0.27 ms, found 0 plugins.
Preloading 0 native plugins for Editor in 0.00 ms.
Unloading 1205 Unused Serialized files (Serialized files now loaded: 0)
System memory in use before: 62.9 MB.
System memory in use after: 63.0 MB.

Unloading 5 unused Assets to reduce memory usage. Loaded Objects now: 1699.
Total: 1.646100 ms (FindLiveObjects: 0.134200 ms CreateObjectMapping: 0.039700 ms MarkObjects: 1.395300 ms  DeleteObjects: 0.075700 ms)

========================================================================
Received Prepare
Registering precompiled user dll's ...
Registered in 0.000978 seconds.
Begin MonoManager ReloadAssembly
Native extension for WindowsStandalone target not found
Refreshing native plugins compatible for Editor in 0.24 ms, found 0 plugins.
Preloading 0 native plugins for Editor in 0.00 ms.
Invoked RoslynAnalysisRunner static constructor.
RoslynAnalysisRunner will not be running.
RoslynAnalysisRunner has terminated.
Mono: successfully reloaded assembly
- Completed reload, in  1.032 seconds
Platform modules already initialized, skipping
Refreshing native plugins compatible for Editor in 0.24 ms, found 0 plugins.
Preloading 0 native plugins for Editor in 0.00 ms.
Unloading 1205 Unused Serialized files (Serialized files now loaded: 0)
System memory in use before: 62.9 MB.
System memory in use after: 63.0 MB.

Unloading 5 unused Assets to reduce memory usage. Loaded Objects now: 1702.
Total: 1.893500 ms (FindLiveObjects: 0.149400 ms CreateObjectMapping: 0.046000 ms MarkObjects: 1.626400 ms  DeleteObjects: 0.069900 ms)

========================================================================
Received Prepare
Registering precompiled user dll's ...
Registered in 0.000808 seconds.
Begin MonoManager ReloadAssembly
Native extension for WindowsStandalone target not found
Refreshing native plugins compatible for Editor in 0.24 ms, found 0 plugins.
Preloading 0 native plugins for Editor in 0.00 ms.
Invoked RoslynAnalysisRunner static constructor.
RoslynAnalysisRunner will not be running.
RoslynAnalysisRunner has terminated.
Mono: successfully reloaded assembly
- Completed reload, in  0.948 seconds
Platform modules already initialized, skipping
Refreshing native plugins compatible for Editor in 0.24 ms, found 0 plugins.
Preloading 0 native plugins for Editor in 0.00 ms.
Unloading 1205 Unused Serialized files (Serialized files now loaded: 0)
System memory in use before: 62.9 MB.
System memory in use after: 63.0 MB.

Unloading 5 unused Assets to reduce memory usage. Loaded Objects now: 1705.
Total: 1.853700 ms (FindLiveObjects: 0.138800 ms CreateObjectMapping: 0.064900 ms MarkObjects: 1.561800 ms  DeleteObjects: 0.086800 ms)

========================================================================
Received Prepare
Registering precompiled user dll's ...
Registered in 0.001009 seconds.
Begin MonoManager ReloadAssembly
Native extension for WindowsStandalone target not found
Refreshing native plugins compatible for Editor in 0.25 ms, found 0 plugins.
Preloading 0 native plugins for Editor in 0.00 ms.
Invoked RoslynAnalysisRunner static constructor.
RoslynAnalysisRunner will not be running.
RoslynAnalysisRunner has terminated.
Mono: successfully reloaded assembly
- Completed reload, in  0.955 seconds
Platform modules already initialized, skipping
Refreshing native plugins compatible for Editor in 0.25 ms, found 0 plugins.
Preloading 0 native plugins for Editor in 0.00 ms.
Unloading 1205 Unused Serialized files (Serialized files now loaded: 0)
System memory in use before: 62.9 MB.
System memory in use after: 63.0 MB.

Unloading 5 unused Assets to reduce memory usage. Loaded Objects now: 1708.
Total: 2.230000 ms (FindLiveObjects: 0.262000 ms CreateObjectMapping: 0.053600 ms MarkObjects: 1.839600 ms  DeleteObjects: 0.072900 ms)

========================================================================
Received Import Request.
  Time since last request: 296.774589 seconds.
  path: Assets/ScreenShots/Test1.png
  artifactKey: Guid(4c909022260bae74b9216d97a7ac451f) Importer(815301076,1909f56bfc062723c751e8b465ee728b)
Start importing Assets/ScreenShots/Test1.png using Guid(4c909022260bae74b9216d97a7ac451f) Importer(815301076,1909f56bfc062723c751e8b465ee728b)  -> (artifact id: '0e31c48009c253ef5acab637e49f7f47') in 0.035281 seconds
  Import took 0.042686 seconds .

========================================================================
Received Prepare
Registering precompiled user dll's ...
Registered in 0.000767 seconds.
Begin MonoManager ReloadAssembly
Native extension for WindowsStandalone target not found
Refreshing native plugins compatible for Editor in 0.25 ms, found 0 plugins.
Preloading 0 native plugins for Editor in 0.00 ms.
Invoked RoslynAnalysisRunner static constructor.
RoslynAnalysisRunner will not be running.
RoslynAnalysisRunner has terminated.
Mono: successfully reloaded assembly
- Completed reload, in  0.916 seconds
Platform modules already initialized, skipping
Refreshing native plugins compatible for Editor in 0.24 ms, found 0 plugins.
Preloading 0 native plugins for Editor in 0.00 ms.
Unloading 1205 Unused Serialized files (Serialized files now loaded: 0)
System memory in use before: 62.9 MB.
System memory in use after: 63.0 MB.

Unloading 5 unused Assets to reduce memory usage. Loaded Objects now: 1711.
Total: 2.214800 ms (FindLiveObjects: 0.247200 ms CreateObjectMapping: 0.042800 ms MarkObjects: 1.843600 ms  DeleteObjects: 0.079800 ms)

========================================================================
Received Prepare
Registering precompiled user dll's ...
Registered in 0.000847 seconds.
Begin MonoManager ReloadAssembly
Native extension for WindowsStandalone target not found
Refreshing native plugins compatible for Editor in 0.24 ms, found 0 plugins.
Preloading 0 native plugins for Editor in 0.00 ms.
Invoked RoslynAnalysisRunner static constructor.
RoslynAnalysisRunner will not be running.
RoslynAnalysisRunner has terminated.
Mono: successfully reloaded assembly
- Completed reload, in  0.934 seconds
Platform modules already initialized, skipping
Refreshing native plugins compatible for Editor in 0.41 ms, found 0 plugins.
Preloading 0 native plugins for Editor in 0.00 ms.
Unloading 1205 Unused Serialized files (Serialized files now loaded: 0)
System memory in use before: 62.9 MB.
System memory in use after: 63.0 MB.

Unloading 5 unused Assets to reduce memory usage. Loaded Objects now: 1714.
Total: 1.678300 ms (FindLiveObjects: 0.156600 ms CreateObjectMapping: 0.040200 ms MarkObjects: 1.386700 ms  DeleteObjects: 0.093400 ms)

========================================================================
Received Import Request.
  Time since last request: 143.197666 seconds.
  path: Assets/ScreenShots/Test1.png
  artifactKey: Guid(4c909022260bae74b9216d97a7ac451f) Importer(815301076,1909f56bfc062723c751e8b465ee728b)
Start importing Assets/ScreenShots/Test1.png using Guid(4c909022260bae74b9216d97a7ac451f) Importer(815301076,1909f56bfc062723c751e8b465ee728b)  -> (artifact id: '11e4d9e7703561ebd5c96f756e7a4f10') in 0.036042 seconds
  Import took 0.043543 seconds .

========================================================================
Received Prepare
Registering precompiled user dll's ...
Registered in 0.000898 seconds.
Begin MonoManager ReloadAssembly
Native extension for WindowsStandalone target not found
Refreshing native plugins compatible for Editor in 0.24 ms, found 0 plugins.
Preloading 0 native plugins for Editor in 0.00 ms.
Invoked RoslynAnalysisRunner static constructor.
RoslynAnalysisRunner will not be running.
RoslynAnalysisRunner has terminated.
Mono: successfully reloaded assembly
- Completed reload, in  1.064 seconds
Platform modules already initialized, skipping
Refreshing native plugins compatible for Editor in 0.25 ms, found 0 plugins.
Preloading 0 native plugins for Editor in 0.00 ms.
Unloading 1205 Unused Serialized files (Serialized files now loaded: 0)
System memory in use before: 62.9 MB.
System memory in use after: 63.0 MB.

Unloading 5 unused Assets to reduce memory usage. Loaded Objects now: 1717.
Total: 2.384400 ms (FindLiveObjects: 0.243600 ms CreateObjectMapping: 0.052500 ms MarkObjects: 1.986300 ms  DeleteObjects: 0.100400 ms)

AssetImportWorkerClient::OnTransportError - code=2 error=End of file
